09-12-2024 01:28:04	This log contains information about the import schema operation into project 'LibraryManagement.Database' on computer 'ASHU' by user 'himan'.
09-12-2024 01:28:04	Import of database schema has started.
09-12-2024 01:28:12	Gathering database credentials
09-12-2024 01:28:12	Gathering database options
09-12-2024 01:28:12	Gathering generic database scoped configuration option
09-12-2024 01:28:12	Gathering users
09-12-2024 01:28:12	Gathering roles
09-12-2024 01:28:12	Gathering application roles
09-12-2024 01:28:12	Gathering role memberships
09-12-2024 01:28:12	Gathering filegroups
09-12-2024 01:28:12	Gathering full-text catalogs
09-12-2024 01:28:12	Gathering assemblies
09-12-2024 01:28:12	Gathering certificates
09-12-2024 01:28:12	Gathering asymmetric keys
09-12-2024 01:28:12	Gathering symmetric keys
09-12-2024 01:28:12	Gathering encrypted symmetric keys
09-12-2024 01:28:12	Gathering schemas
09-12-2024 01:28:12	Gathering XML schema collections
09-12-2024 01:28:12	Gathering user-defined data types
09-12-2024 01:28:12	Gathering user-defined types
09-12-2024 01:28:12	Gathering table types
09-12-2024 01:28:12	Gathering unique keys for table types
09-12-2024 01:28:12	Gathering primary keys for table types
09-12-2024 01:28:12	Gathering indexes for table types
09-12-2024 01:28:12	Gathering check constraints for table types
09-12-2024 01:28:12	Gathering default constraints for table types
09-12-2024 01:28:12	Gathering partition functions
09-12-2024 01:28:12	Gathering partition schemes
09-12-2024 01:28:12	Gathering functions
09-12-2024 01:28:12	Gathering encrypted functions
09-12-2024 01:28:12	Gathering aggregates
09-12-2024 01:28:12	Gathering procedures
09-12-2024 01:28:12	Gathering encrypted procedures
09-12-2024 01:28:12	Gathering tables
09-12-2024 01:28:12	Gathering primary keys
09-12-2024 01:28:12	Gathering unique constraints
09-12-2024 01:28:12	Gathering foreign keys
09-12-2024 01:28:12	Gathering default constraints
09-12-2024 01:28:12	Gathering check constraints
09-12-2024 01:28:12	Gathering views
09-12-2024 01:28:12	Gathering encrypted views
09-12-2024 01:28:12	Gathering indexes
09-12-2024 01:28:12	Gathering statistics
09-12-2024 01:28:12	Gathering full-text index stoplists
09-12-2024 01:28:12	Gathering search property lists
09-12-2024 01:28:12	Gathering search properties
09-12-2024 01:28:12	Gathering full-text indexes
09-12-2024 01:28:12	Gathering column store indexes
09-12-2024 01:28:12	Gathering spatial indexes
09-12-2024 01:28:12	Gathering XML indexes
09-12-2024 01:28:12	Gathering Selective XML indexes
09-12-2024 01:28:12	Gathering encrypted triggers
09-12-2024 01:28:12	Gathering triggers
09-12-2024 01:28:12	Gathering encrypted and clr ddl triggers
09-12-2024 01:28:12	Gathering ddl triggers
09-12-2024 01:28:12	Creating edge constraints
09-12-2024 01:28:12	Gathering synonyms
09-12-2024 01:28:12	Gathering defaults
09-12-2024 01:28:12	Gathering data constraint uddt bindings
09-12-2024 01:28:12	Gathering rules
09-12-2024 01:28:12	Gathering data constraint uddt bindings
09-12-2024 01:28:12	Gathering message types
09-12-2024 01:28:12	Gathering queues
09-12-2024 01:28:12	Gathering contracts
09-12-2024 01:28:12	Gathering services
09-12-2024 01:28:12	Gathering event notifications
09-12-2024 01:28:12	Gathering remote service bindings
09-12-2024 01:28:12	Gathering broker priorities
09-12-2024 01:28:13	Gathering signatures
09-12-2024 01:28:13	Gathering compression options
09-12-2024 01:28:13	Gathering sequence types
09-12-2024 01:28:13	Gathering security policies
09-12-2024 01:28:13	Gather column encryption keys
09-12-2024 01:28:13	Gathering column master keys
09-12-2024 01:28:13	Gathering external data sources
09-12-2024 01:28:13	Gathering external file formats
09-12-2024 01:28:13	Gathering external tables
09-12-2024 01:28:13	Gathering XML index compression options
09-12-2024 01:28:13	Gathering extended properties
09-12-2024 01:28:13	Gathering assemblies
09-12-2024 01:28:13	Gathering credentials
09-12-2024 01:28:13	Gathering logins
09-12-2024 01:28:13	Gathering server audits
09-12-2024 01:28:13	Scanning project for duplicate elements
09-12-2024 01:28:13	Finished duplicate element processing
09-12-2024 01:28:14	Finished importing database.
09-12-2024 01:28:14	A summary of the import was saved to the following location: C:\Users\himan\source\repos\LibraryProject\LibraryManagement\LibraryManagement.Database\Import Schema Logs\LibraryManagement.Da_20241208075804.log
09-12-2024 01:28:14	Click Finish to continue...
